[GIN-debug] [WARNING] Running in "debug" mode. Switch to "release" mode in production.
 - using env:	export GIN_MODE=release
 - using code:	gin.SetMode(gin.ReleaseMode)

[GIN-debug] GET    /css/*filepath            --> github.com/gin-gonic/gin.(*RouterGroup).createStaticHandler.func1 (4 handlers)
[GIN-debug] HEAD   /css/*filepath            --> github.com/gin-gonic/gin.(*RouterGroup).createStaticHandler.func1 (4 handlers)
[GIN-debug] Loaded HTML Templates (5): 
	- 
	- footer.html
	- header.html
	- index.html
	- template_register.html

[GIN-debug] POST   /api/v1/auth/login        --> github.com/KadirbekSharau/rentykz-backend/handlers/auth/login.Handler.UserLoginHandler-fm (4 handlers)
[GIN-debug] POST   /api/v1/auth/register     --> github.com/KadirbekSharau/rentykz-backend/handlers/auth/register.Handler.ActiveUserRegisterHandler-fm (4 handlers)
[GIN-debug] POST   /api/v1/auth/organization/register --> github.com/KadirbekSharau/rentykz-backend/handlers/auth/register.Handler.InactiveOrganizationRegisterHandler-fm (4 handlers)
[GIN-debug] POST   /api/v1/auth/moderator/register --> github.com/KadirbekSharau/rentykz-backend/handlers/auth/register.Handler.ModeratorRegisterHandler-fm (4 handlers)
[GIN-debug] GET    /api/v1/field             --> github.com/KadirbekSharau/rentykz-backend/handlers/field/get-fields.Handler.GetFieldsHandler-fm (4 handlers)
[GIN-debug] GET    /api/v1/sporttype/:id/fields --> github.com/KadirbekSharau/rentykz-backend/handlers/field/get-fields.Handler.GetFieldsBySportTypeIdHandler-fm (4 handlers)
[GIN-debug] GET    /api/v1/organization/:id/fields --> github.com/KadirbekSharau/rentykz-backend/handlers/field/get-fields.Handler.GetFieldsByOrganizationIdHandler-fm (4 handlers)
[GIN-debug] GET    /api/v1/moderator/:id/fields --> github.com/KadirbekSharau/rentykz-backend/handlers/field/get-fields.Handler.GetFieldsByModeratorIdHandler-fm (4 handlers)
[GIN-debug] GET    /api/v1/city/:id/fields   --> github.com/KadirbekSharau/rentykz-backend/handlers/field/get-fields.Handler.GetFieldsByCityIdHandler-fm (4 handlers)
[GIN-debug] GET    /api/v1/field/:id         --> github.com/KadirbekSharau/rentykz-backend/handlers/field/get-field.Handler.GetFieldByIdHandler-fm (4 handlers)
[GIN-debug] POST   /api/v1/field             --> github.com/KadirbekSharau/rentykz-backend/handlers/field/create-field.Handler.CreateFieldHandler-fm (5 handlers)
[GIN-debug] GET    /api/v1/city              --> github.com/KadirbekSharau/rentykz-backend/handlers/city/get-cities.Handler.GetCitiesHandler-fm (4 handlers)
[GIN-debug] POST   /api/v1/city              --> github.com/KadirbekSharau/rentykz-backend/handlers/city/create-city.Handler.CreateCityHandler-fm (4 handlers)
[GIN-debug] [WARNING] You trusted all proxies, this is NOT safe. We recommend you to set a value.
Please check https://pkg.go.dev/github.com/gin-gonic/gin#readme-don-t-trust-all-proxies for details.
[GIN-debug] Listening and serving HTTP on :8080
[GIN] 2022/05/23 - 17:56:57 | 200 |    4.025625ms |             ::1 | GET      "/api/v1/moderator/1/fields"
[GIN] 2022/05/23 - 17:57:20 | 200 |    1.657333ms |             ::1 | GET      "/api/v1/moderator/6/fields"
